<?xml version="1.0" encoding="UTF-8"?>
<testng-results skipped="0" failed="0" total="2" passed="2">
  <reporter-output>
  </reporter-output>
  <suite name="Default suite" duration-ms="28876" started-at="2019-05-22T04:47:12Z" finished-at="2019-05-22T04:47:41Z">
    <groups>
    </groups>
    <test name="Default test" duration-ms="28876" started-at="2019-05-22T04:47:12Z" finished-at="2019-05-22T04:47:41Z">
      <class name="CustomerData.POMTest">
        <test-method status="PASS" signature="loginTest()[pri:0, instance:CustomerData.POMTest@47fd17e3]" name="loginTest" duration-ms="18388" started-at="2019-05-22T10:17:12Z" finished-at="2019-05-22T10:17:30Z">
          <reporter-output>
          </reporter-output>
        </test-method> <!-- loginTest -->
        <test-method status="PASS" signature="loginWithoutPasswordTest()[pri:0, instance:CustomerData.POMTest@47fd17e3]" name="loginWithoutPasswordTest" duration-ms="10436" started-at="2019-05-22T10:17:30Z" finished-at="2019-05-22T10:17:41Z">
          <reporter-output>
          </reporter-output>
        </test-method> <!-- loginWithoutPasswordTest -->
      </class> <!-- CustomerData.POMTest -->
    </test> <!-- Default test -->
  </suite> <!-- Default suite -->
</testng-results>
