<?xml version="1.0" encoding="UTF-8"?>
<testng-results skipped="0" failed="0" total="3" passed="3">
  <reporter-output>
  </reporter-output>
  <suite name="Suite" duration-ms="73391" started-at="2019-07-28T19:30:58Z" finished-at="2019-07-28T19:32:11Z">
    <groups>
    </groups>
    <test name="zooplaTest" duration-ms="73391" started-at="2019-07-28T19:30:58Z" finished-at="2019-07-28T19:32:11Z">
      <class name="testClass.SelectFifthPropertyTest">
        <test-method status="PASS" signature="configBC()[pri:0, instance:testClass.SelectFifthPropertyTest@3cb5cdba]" name="configBC" is-config="true" duration-ms="2474" started-at="2019-07-29T01:01:23Z" finished-at="2019-07-29T01:01:26Z">
          <reporter-output>
          </reporter-output>
        </test-method> <!-- configBC -->
        <test-method status="PASS" signature="configBM()[pri:0, instance:testClass.SelectFifthPropertyTest@3cb5cdba]" name="configBM" is-config="true" duration-ms="3988" started-at="2019-07-29T01:01:26Z" finished-at="2019-07-29T01:01:30Z">
          <reporter-output>
          </reporter-output>
        </test-method> <!-- configBM -->
        <test-method status="PASS" signature="loginWithoutPasswordTest()[pri:0, instance:testClass.SelectFifthPropertyTest@3cb5cdba]" name="loginWithoutPasswordTest" duration-ms="13759" started-at="2019-07-29T01:01:30Z" finished-at="2019-07-29T01:01:44Z">
          <reporter-output>
          </reporter-output>
        </test-method> <!-- loginWithoutPasswordTest -->
        <test-method status="PASS" signature="configAM()[pri:0, instance:testClass.SelectFifthPropertyTest@3cb5cdba]" name="configAM" is-config="true" duration-ms="2" started-at="2019-07-29T01:01:44Z" finished-at="2019-07-29T01:01:44Z">
          <reporter-output>
          </reporter-output>
        </test-method> <!-- configAM -->
        <test-method status="PASS" signature="configAC()[pri:0, instance:testClass.SelectFifthPropertyTest@3cb5cdba]" name="configAC" is-config="true" duration-ms="425" started-at="2019-07-29T01:01:44Z" finished-at="2019-07-29T01:01:44Z">
          <reporter-output>
          </reporter-output>
        </test-method> <!-- configAC -->
      </class> <!-- testClass.SelectFifthPropertyTest -->
      <class name="testClass.PriceDescTest">
        <test-method status="PASS" signature="configBC()[pri:0, instance:testClass.PriceDescTest@5a39699c]" name="configBC" is-config="true" duration-ms="7678" started-at="2019-07-29T01:00:58Z" finished-at="2019-07-29T01:01:05Z">
          <reporter-output>
          </reporter-output>
        </test-method> <!-- configBC -->
        <test-method status="PASS" signature="configBM()[pri:0, instance:testClass.PriceDescTest@5a39699c]" name="configBM" is-config="true" duration-ms="4751" started-at="2019-07-29T01:01:05Z" finished-at="2019-07-29T01:01:10Z">
          <reporter-output>
          </reporter-output>
        </test-method> <!-- configBM -->
        <test-method status="PASS" signature="loginWithoutPasswordTest()[pri:0, instance:testClass.PriceDescTest@5a39699c]" name="loginWithoutPasswordTest" duration-ms="12800" started-at="2019-07-29T01:01:10Z" finished-at="2019-07-29T01:01:23Z">
          <reporter-output>
          </reporter-output>
        </test-method> <!-- loginWithoutPasswordTest -->
        <test-method status="PASS" signature="configAM()[pri:0, instance:testClass.PriceDescTest@5a39699c]" name="configAM" is-config="true" duration-ms="0" started-at="2019-07-29T01:01:23Z" finished-at="2019-07-29T01:01:23Z">
          <reporter-output>
          </reporter-output>
        </test-method> <!-- configAM -->
        <test-method status="PASS" signature="configAC()[pri:0, instance:testClass.PriceDescTest@5a39699c]" name="configAC" is-config="true" duration-ms="422" started-at="2019-07-29T01:01:23Z" finished-at="2019-07-29T01:01:23Z">
          <reporter-output>
          </reporter-output>
        </test-method> <!-- configAC -->
      </class> <!-- testClass.PriceDescTest -->
      <class name="testClass.AgentVerifyTest">
        <test-method status="PASS" signature="configBC()[pri:0, instance:testClass.AgentVerifyTest@56cbfb61]" test-instance-name="" name="configBC" is-config="true" duration-ms="2507" started-at="2019-07-29T01:01:44Z" finished-at="2019-07-29T01:01:47Z">
          <reporter-output>
          </reporter-output>
        </test-method> <!-- configBC -->
        <test-method status="PASS" signature="configBM()[pri:0, instance:testClass.AgentVerifyTest@56cbfb61]" test-instance-name="" name="configBM" is-config="true" duration-ms="3750" started-at="2019-07-29T01:01:47Z" finished-at="2019-07-29T01:01:50Z">
          <reporter-output>
          </reporter-output>
        </test-method> <!-- configBM -->
        <test-method status="PASS" signature="verifyAgent()[pri:0, instance:testClass.AgentVerifyTest@56cbfb61]" test-instance-name="" name="verifyAgent" duration-ms="20458" started-at="2019-07-29T01:01:50Z" finished-at="2019-07-29T01:02:11Z">
          <reporter-output>
          </reporter-output>
        </test-method> <!-- verifyAgent -->
        <test-method status="PASS" signature="configAM()[pri:0, instance:testClass.AgentVerifyTest@56cbfb61]" test-instance-name="" name="configAM" is-config="true" duration-ms="0" started-at="2019-07-29T01:02:11Z" finished-at="2019-07-29T01:02:11Z">
          <reporter-output>
          </reporter-output>
        </test-method> <!-- configAM -->
        <test-method status="PASS" signature="configAC()[pri:0, instance:testClass.AgentVerifyTest@56cbfb61]" test-instance-name="" name="configAC" is-config="true" duration-ms="334" started-at="2019-07-29T01:02:11Z" finished-at="2019-07-29T01:02:11Z">
          <reporter-output>
          </reporter-output>
        </test-method> <!-- configAC -->
      </class> <!-- testClass.AgentVerifyTest -->
    </test> <!-- zooplaTest -->
  </suite> <!-- Suite -->
</testng-results>
