<?xml version="1.0" encoding="UTF-8"?>
<!-- Generated by org.testng.reporters.JUnitXMLReporter -->
<testsuite hostname="Debalina" name="Default test" tests="99" failures="0" timestamp="26 May 2019 17:07:40 GMT" time="12.217" errors="0">
  <testcase name="addToCart" time="0.033" classname="Assignment.DataProviderfromExcel"/>
  <testcase name="addToCart" time="0.001" classname="Assignment.DataProviderfromExcel"/>
  <testcase name="addToCart" time="0.001" classname="Assignment.DataProviderfromExcel"/>
  <testcase name="addToCart" time="0.002" classname="Assignment.DataProviderfromExcel"/>
  <testcase name="addToCart" time="0.001" classname="Assignment.DataProviderfromExcel"/>
  <testcase name="addToCart" time="0.001" classname="Assignment.DataProviderfromExcel"/>
  <testcase name="addToCart" time="0.0" classname="Assignment.DataProviderfromExcel"/>
  <testcase name="addToCart" time="0.001" classname="Assignment.DataProviderfromExcel"/>
  <testcase name="addToCart" time="0.001" classname="Assignment.DataProviderfromExcel"/>
  <testcase name="addToCart" time="0.001" classname="Assignment.DataProviderfromExcel"/>
  <testcase name="addToCart" time="0.001" classname="Assignment.DataProviderfromExcel"/>
  <testcase name="addToCart" time="0.0" classname="Assignment.DataProviderfromExcel"/>
  <testcase name="addToCart" time="0.001" classname="Assignment.DataProviderfromExcel"/>
  <testcase name="addToCart" time="0.0" classname="Assignment.DataProviderfromExcel"/>
  <testcase name="addToCart" time="0.001" classname="Assignment.DataProviderfromExcel"/>
  <testcase name="addToCart" time="0.001" classname="Assignment.DataProviderfromExcel"/>
  <testcase name="addToCart" time="0.001" classname="Assignment.DataProviderfromExcel"/>
  <testcase name="addToCart" time="0.001" classname="Assignment.DataProviderfromExcel"/>
  <testcase name="addToCart" time="0.0" classname="Assignment.DataProviderfromExcel"/>
  <testcase name="addToCart" time="0.001" classname="Assignment.DataProviderfromExcel"/>
  <testcase name="addToCart" time="0.001" classname="Assignment.DataProviderfromExcel"/>
  <testcase name="addToCart" time="0.0" classname="Assignment.DataProviderfromExcel"/>
  <testcase name="addToCart" time="0.001" classname="Assignment.DataProviderfromExcel"/>
  <testcase name="addToCart" time="0.001" classname="Assignment.DataProviderfromExcel"/>
  <testcase name="addToCart" time="0.0" classname="Assignment.DataProviderfromExcel"/>
  <testcase name="addToCart" time="0.001" classname="Assignment.DataProviderfromExcel"/>
  <testcase name="addToCart" time="0.001" classname="Assignment.DataProviderfromExcel"/>
  <testcase name="addToCart" time="0.0" classname="Assignment.DataProviderfromExcel"/>
  <testcase name="addToCart" time="0.001" classname="Assignment.DataProviderfromExcel"/>
  <testcase name="addToCart" time="0.001" classname="Assignment.DataProviderfromExcel"/>
  <testcase name="addToCart" time="0.001" classname="Assignment.DataProviderfromExcel"/>
  <testcase name="addToCart" time="0.001" classname="Assignment.DataProviderfromExcel"/>
  <testcase name="addToCart" time="0.001" classname="Assignment.DataProviderfromExcel"/>
  <testcase name="addToCart" time="0.001" classname="Assignment.DataProviderfromExcel"/>
  <testcase name="addToCart" time="0.001" classname="Assignment.DataProviderfromExcel"/>
  <testcase name="addToCart" time="0.001" classname="Assignment.DataProviderfromExcel"/>
  <testcase name="addToCart" time="0.001" classname="Assignment.DataProviderfromExcel"/>
  <testcase name="addToCart" time="0.0" classname="Assignment.DataProviderfromExcel"/>
  <testcase name="addToCart" time="0.0" classname="Assignment.DataProviderfromExcel"/>
  <testcase name="addToCart" time="0.001" classname="Assignment.DataProviderfromExcel"/>
  <testcase name="addToCart" time="0.001" classname="Assignment.DataProviderfromExcel"/>
  <testcase name="addToCart" time="0.001" classname="Assignment.DataProviderfromExcel"/>
  <testcase name="addToCart" time="0.001" classname="Assignment.DataProviderfromExcel"/>
  <testcase name="addToCart" time="0.0" classname="Assignment.DataProviderfromExcel"/>
  <testcase name="addToCart" time="0.001" classname="Assignment.DataProviderfromExcel"/>
  <testcase name="addToCart" time="0.001" classname="Assignment.DataProviderfromExcel"/>
  <testcase name="addToCart" time="0.001" classname="Assignment.DataProviderfromExcel"/>
  <testcase name="addToCart" time="0.001" classname="Assignment.DataProviderfromExcel"/>
  <testcase name="addToCart" time="0.001" classname="Assignment.DataProviderfromExcel"/>
  <testcase name="addToCart" time="0.001" classname="Assignment.DataProviderfromExcel"/>
  <testcase name="addToCart" time="0.0" classname="Assignment.DataProviderfromExcel"/>
  <testcase name="addToCart" time="0.001" classname="Assignment.DataProviderfromExcel"/>
  <testcase name="addToCart" time="0.001" classname="Assignment.DataProviderfromExcel"/>
  <testcase name="addToCart" time="0.001" classname="Assignment.DataProviderfromExcel"/>
  <testcase name="addToCart" time="0.001" classname="Assignment.DataProviderfromExcel"/>
  <testcase name="addToCart" time="0.001" classname="Assignment.DataProviderfromExcel"/>
  <testcase name="addToCart" time="0.001" classname="Assignment.DataProviderfromExcel"/>
  <testcase name="addToCart" time="0.001" classname="Assignment.DataProviderfromExcel"/>
  <testcase name="addToCart" time="0.001" classname="Assignment.DataProviderfromExcel"/>
  <testcase name="addToCart" time="0.001" classname="Assignment.DataProviderfromExcel"/>
  <testcase name="addToCart" time="0.017" classname="Assignment.DataProviderfromExcel"/>
  <testcase name="addToCart" time="0.002" classname="Assignment.DataProviderfromExcel"/>
  <testcase name="addToCart" time="0.001" classname="Assignment.DataProviderfromExcel"/>
  <testcase name="addToCart" time="0.001" classname="Assignment.DataProviderfromExcel"/>
  <testcase name="addToCart" time="0.001" classname="Assignment.DataProviderfromExcel"/>
  <testcase name="addToCart" time="0.001" classname="Assignment.DataProviderfromExcel"/>
  <testcase name="addToCart" time="0.001" classname="Assignment.DataProviderfromExcel"/>
  <testcase name="addToCart" time="0.001" classname="Assignment.DataProviderfromExcel"/>
  <testcase name="addToCart" time="0.0" classname="Assignment.DataProviderfromExcel"/>
  <testcase name="addToCart" time="0.001" classname="Assignment.DataProviderfromExcel"/>
  <testcase name="addToCart" time="0.001" classname="Assignment.DataProviderfromExcel"/>
  <testcase name="addToCart" time="0.001" classname="Assignment.DataProviderfromExcel"/>
  <testcase name="addToCart" time="0.001" classname="Assignment.DataProviderfromExcel"/>
  <testcase name="addToCart" time="0.001" classname="Assignment.DataProviderfromExcel"/>
  <testcase name="addToCart" time="0.001" classname="Assignment.DataProviderfromExcel"/>
  <testcase name="addToCart" time="0.0" classname="Assignment.DataProviderfromExcel"/>
  <testcase name="addToCart" time="0.0" classname="Assignment.DataProviderfromExcel"/>
  <testcase name="addToCart" time="0.0" classname="Assignment.DataProviderfromExcel"/>
  <testcase name="addToCart" time="0.0" classname="Assignment.DataProviderfromExcel"/>
  <testcase name="addToCart" time="0.0" classname="Assignment.DataProviderfromExcel"/>
  <testcase name="addToCart" time="0.0" classname="Assignment.DataProviderfromExcel"/>
  <testcase name="addToCart" time="0.0" classname="Assignment.DataProviderfromExcel"/>
  <testcase name="addToCart" time="0.0" classname="Assignment.DataProviderfromExcel"/>
  <testcase name="addToCart" time="0.005" classname="Assignment.DataProviderfromExcel"/>
  <testcase name="addToCart" time="0.0" classname="Assignment.DataProviderfromExcel"/>
  <testcase name="addToCart" time="0.0" classname="Assignment.DataProviderfromExcel"/>
  <testcase name="addToCart" time="0.0" classname="Assignment.DataProviderfromExcel"/>
  <testcase name="addToCart" time="0.0" classname="Assignment.DataProviderfromExcel"/>
  <testcase name="addToCart" time="0.0" classname="Assignment.DataProviderfromExcel"/>
  <testcase name="addToCart" time="0.0" classname="Assignment.DataProviderfromExcel"/>
  <testcase name="addToCart" time="0.0" classname="Assignment.DataProviderfromExcel"/>
  <testcase name="addToCart" time="0.0" classname="Assignment.DataProviderfromExcel"/>
  <testcase name="addToCart" time="0.0" classname="Assignment.DataProviderfromExcel"/>
  <testcase name="addToCart" time="0.0" classname="Assignment.DataProviderfromExcel"/>
  <testcase name="addToCart" time="0.0" classname="Assignment.DataProviderfromExcel"/>
  <testcase name="addToCart" time="0.0" classname="Assignment.DataProviderfromExcel"/>
  <testcase name="addToCart" time="0.0" classname="Assignment.DataProviderfromExcel"/>
  <testcase name="addToCart" time="0.0" classname="Assignment.DataProviderfromExcel"/>
  <testcase name="addToCart" time="0.005" classname="Assignment.DataProviderfromExcel"/>
</testsuite> <!-- Default test -->
