<?xml version="1.0" encoding="UTF-8"?>
<!-- Generated by org.testng.reporters.JUnitXMLReporter -->
<testsuite hostname="Debalina" name="zooplaTest" tests="3" failures="0" timestamp="28 Jul 2019 19:32:11 GMT" time="73.391" errors="0">
  <testcase name="loginWithoutPasswordTest" time="12.8" classname="testClass.PriceDescTest"/>
  <testcase name="loginWithoutPasswordTest" time="13.759" classname="testClass.SelectFifthPropertyTest"/>
  <testcase name="" time="20.458" classname="testClass.AgentVerifyTest"/>
</testsuite> <!-- zooplaTest -->
