<?xml version="1.0" encoding="UTF-8"?>
<testng-results skipped="0" failed="0" total="1" passed="1">
  <reporter-output>
  </reporter-output>
  <suite name="Default suite" duration-ms="23470" started-at="2019-05-13T06:15:56Z" finished-at="2019-05-13T06:16:20Z">
    <groups>
    </groups>
    <test name="Default test" duration-ms="23470" started-at="2019-05-13T06:15:56Z" finished-at="2019-05-13T06:16:20Z">
      <class name="com.acttime.customerTest">
        <test-method status="PASS" signature="configBeforeSuite()[pri:0, instance:com.acttime.customerTest@d7b1517]" name="configBeforeSuite" is-config="true" duration-ms="15" started-at="2019-05-13T11:45:56Z" finished-at="2019-05-13T11:45:56Z">
          <reporter-output>
          </reporter-output>
        </test-method> <!-- configBeforeSuite -->
        <test-method status="PASS" signature="configBC()[pri:0, instance:com.acttime.customerTest@d7b1517]" name="configBC" is-config="true" duration-ms="8748" started-at="2019-05-13T11:45:56Z" finished-at="2019-05-13T11:46:05Z">
          <reporter-output>
          </reporter-output>
        </test-method> <!-- configBC -->
        <test-method status="PASS" signature="configBM()[pri:0, instance:com.acttime.customerTest@d7b1517]" name="configBM" is-config="true" duration-ms="3102" started-at="2019-05-13T11:46:05Z" finished-at="2019-05-13T11:46:08Z">
          <reporter-output>
          </reporter-output>
        </test-method> <!-- configBM -->
        <test-method status="PASS" signature="createCustometTest()[pri:0, instance:com.acttime.customerTest@d7b1517]" name="createCustometTest" duration-ms="6424" started-at="2019-05-13T11:46:08Z" finished-at="2019-05-13T11:46:14Z">
          <reporter-output>
          </reporter-output>
        </test-method> <!-- createCustometTest -->
        <test-method status="PASS" signature="configAM()[pri:0, instance:com.acttime.customerTest@d7b1517]" name="configAM" is-config="true" duration-ms="382" started-at="2019-05-13T11:46:14Z" finished-at="2019-05-13T11:46:15Z">
          <reporter-output>
          </reporter-output>
        </test-method> <!-- configAM -->
        <test-method status="PASS" signature="configAC()[pri:0, instance:com.acttime.customerTest@d7b1517]" name="configAC" is-config="true" duration-ms="4776" started-at="2019-05-13T11:46:15Z" finished-at="2019-05-13T11:46:20Z">
          <reporter-output>
          </reporter-output>
        </test-method> <!-- configAC -->
      </class> <!-- com.acttime.customerTest -->
    </test> <!-- Default test -->
  </suite> <!-- Default suite -->
</testng-results>
