<?xml version="1.0" encoding="UTF-8"?>
<testng-results skipped="0" failed="0" total="99" passed="99">
  <reporter-output>
  </reporter-output>
  <suite name="Default suite" duration-ms="12217" started-at="2019-05-26T17:07:28Z" finished-at="2019-05-26T17:07:40Z">
    <groups>
    </groups>
    <test name="Default test" duration-ms="12217" started-at="2019-05-26T17:07:28Z" finished-at="2019-05-26T17:07:40Z">
      <class name="Assignment.DataProviderfromExcel">
        <test-method status="PASS" signature="addToCart(java.lang.String, java.lang.String)[pri:0, instance:Assignment.DataProviderfromExcel@6ea6d14e]" name="addToCart" duration-ms="33" started-at="2019-05-26T22:37:40Z" data-provider="getDataForAddToCartTest" finished-at="2019-05-26T22:37:40Z">
          <params>
            <param index="0">
              <value>
                <![CDATA[T001]]>
              </value>
            </param>
            <param index="1">
              <value>
                <![CDATA[PA001]]>
              </value>
            </param>
          </params>
          <reporter-output>
          </reporter-output>
        </test-method> <!-- addToCart -->
        <test-method status="PASS" signature="addToCart(java.lang.String, java.lang.String)[pri:0, instance:Assignment.DataProviderfromExcel@6ea6d14e]" name="addToCart" duration-ms="1" started-at="2019-05-26T22:37:40Z" data-provider="getDataForAddToCartTest" finished-at="2019-05-26T22:37:40Z">
          <params>
            <param index="0">
              <value>
                <![CDATA[T001]]>
              </value>
            </param>
            <param index="1">
              <value>
                <![CDATA[PA001]]>
              </value>
            </param>
          </params>
          <reporter-output>
          </reporter-output>
        </test-method> <!-- addToCart -->
        <test-method status="PASS" signature="addToCart(java.lang.String, java.lang.String)[pri:0, instance:Assignment.DataProviderfromExcel@6ea6d14e]" name="addToCart" duration-ms="1" started-at="2019-05-26T22:37:40Z" data-provider="getDataForAddToCartTest" finished-at="2019-05-26T22:37:40Z">
          <params>
            <param index="0">
              <value>
                <![CDATA[T001]]>
              </value>
            </param>
            <param index="1">
              <value>
                <![CDATA[PA001]]>
              </value>
            </param>
          </params>
          <reporter-output>
          </reporter-output>
        </test-method> <!-- addToCart -->
        <test-method status="PASS" signature="addToCart(java.lang.String, java.lang.String)[pri:0, instance:Assignment.DataProviderfromExcel@6ea6d14e]" name="addToCart" duration-ms="2" started-at="2019-05-26T22:37:40Z" data-provider="getDataForAddToCartTest" finished-at="2019-05-26T22:37:40Z">
          <params>
            <param index="0">
              <value>
                <![CDATA[T001]]>
              </value>
            </param>
            <param index="1">
              <value>
                <![CDATA[PA001]]>
              </value>
            </param>
          </params>
          <reporter-output>
          </reporter-output>
        </test-method> <!-- addToCart -->
        <test-method status="PASS" signature="addToCart(java.lang.String, java.lang.String)[pri:0, instance:Assignment.DataProviderfromExcel@6ea6d14e]" name="addToCart" duration-ms="1" started-at="2019-05-26T22:37:40Z" data-provider="getDataForAddToCartTest" finished-at="2019-05-26T22:37:40Z">
          <params>
            <param index="0">
              <value>
                <![CDATA[T001]]>
              </value>
            </param>
            <param index="1">
              <value>
                <![CDATA[PA001]]>
              </value>
            </param>
          </params>
          <reporter-output>
          </reporter-output>
        </test-method> <!-- addToCart -->
        <test-method status="PASS" signature="addToCart(java.lang.String, java.lang.String)[pri:0, instance:Assignment.DataProviderfromExcel@6ea6d14e]" name="addToCart" duration-ms="1" started-at="2019-05-26T22:37:40Z" data-provider="getDataForAddToCartTest" finished-at="2019-05-26T22:37:40Z">
          <params>
            <param index="0">
              <value>
                <![CDATA[T001]]>
              </value>
            </param>
            <param index="1">
              <value>
                <![CDATA[PA001]]>
              </value>
            </param>
          </params>
          <reporter-output>
          </reporter-output>
        </test-method> <!-- addToCart -->
        <test-method status="PASS" signature="addToCart(java.lang.String, java.lang.String)[pri:0, instance:Assignment.DataProviderfromExcel@6ea6d14e]" name="addToCart" duration-ms="0" started-at="2019-05-26T22:37:40Z" data-provider="getDataForAddToCartTest" finished-at="2019-05-26T22:37:40Z">
          <params>
            <param index="0">
              <value>
                <![CDATA[T001]]>
              </value>
            </param>
            <param index="1">
              <value>
                <![CDATA[PA001]]>
              </value>
            </param>
          </params>
          <reporter-output>
          </reporter-output>
        </test-method> <!-- addToCart -->
        <test-method status="PASS" signature="addToCart(java.lang.String, java.lang.String)[pri:0, instance:Assignment.DataProviderfromExcel@6ea6d14e]" name="addToCart" duration-ms="1" started-at="2019-05-26T22:37:40Z" data-provider="getDataForAddToCartTest" finished-at="2019-05-26T22:37:40Z">
          <params>
            <param index="0">
              <value>
                <![CDATA[T001]]>
              </value>
            </param>
            <param index="1">
              <value>
                <![CDATA[PA001]]>
              </value>
            </param>
          </params>
          <reporter-output>
          </reporter-output>
        </test-method> <!-- addToCart -->
        <test-method status="PASS" signature="addToCart(java.lang.String, java.lang.String)[pri:0, instance:Assignment.DataProviderfromExcel@6ea6d14e]" name="addToCart" duration-ms="1" started-at="2019-05-26T22:37:40Z" data-provider="getDataForAddToCartTest" finished-at="2019-05-26T22:37:40Z">
          <params>
            <param index="0">
              <value>
                <![CDATA[T001]]>
              </value>
            </param>
            <param index="1">
              <value>
                <![CDATA[PA001]]>
              </value>
            </param>
          </params>
          <reporter-output>
          </reporter-output>
        </test-method> <!-- addToCart -->
        <test-method status="PASS" signature="addToCart(java.lang.String, java.lang.String)[pri:0, instance:Assignment.DataProviderfromExcel@6ea6d14e]" name="addToCart" duration-ms="1" started-at="2019-05-26T22:37:40Z" data-provider="getDataForAddToCartTest" finished-at="2019-05-26T22:37:40Z">
          <params>
            <param index="0">
              <value>
                <![CDATA[T001]]>
              </value>
            </param>
            <param index="1">
              <value>
                <![CDATA[PA001]]>
              </value>
            </param>
          </params>
          <reporter-output>
          </reporter-output>
        </test-method> <!-- addToCart -->
        <test-method status="PASS" signature="addToCart(java.lang.String, java.lang.String)[pri:0, instance:Assignment.DataProviderfromExcel@6ea6d14e]" name="addToCart" duration-ms="1" started-at="2019-05-26T22:37:40Z" data-provider="getDataForAddToCartTest" finished-at="2019-05-26T22:37:40Z">
          <params>
            <param index="0">
              <value>
                <![CDATA[T001]]>
              </value>
            </param>
            <param index="1">
              <value>
                <![CDATA[PA001]]>
              </value>
            </param>
          </params>
          <reporter-output>
          </reporter-output>
        </test-method> <!-- addToCart -->
        <test-method status="PASS" signature="addToCart(java.lang.String, java.lang.String)[pri:0, instance:Assignment.DataProviderfromExcel@6ea6d14e]" name="addToCart" duration-ms="0" started-at="2019-05-26T22:37:40Z" data-provider="getDataForAddToCartTest" finished-at="2019-05-26T22:37:40Z">
          <params>
            <param index="0">
              <value>
                <![CDATA[T001]]>
              </value>
            </param>
            <param index="1">
              <value>
                <![CDATA[PA001]]>
              </value>
            </param>
          </params>
          <reporter-output>
          </reporter-output>
        </test-method> <!-- addToCart -->
        <test-method status="PASS" signature="addToCart(java.lang.String, java.lang.String)[pri:0, instance:Assignment.DataProviderfromExcel@6ea6d14e]" name="addToCart" duration-ms="1" started-at="2019-05-26T22:37:40Z" data-provider="getDataForAddToCartTest" finished-at="2019-05-26T22:37:40Z">
          <params>
            <param index="0">
              <value>
                <![CDATA[T001]]>
              </value>
            </param>
            <param index="1">
              <value>
                <![CDATA[PA001]]>
              </value>
            </param>
          </params>
          <reporter-output>
          </reporter-output>
        </test-method> <!-- addToCart -->
        <test-method status="PASS" signature="addToCart(java.lang.String, java.lang.String)[pri:0, instance:Assignment.DataProviderfromExcel@6ea6d14e]" name="addToCart" duration-ms="0" started-at="2019-05-26T22:37:40Z" data-provider="getDataForAddToCartTest" finished-at="2019-05-26T22:37:40Z">
          <params>
            <param index="0">
              <value>
                <![CDATA[T001]]>
              </value>
            </param>
            <param index="1">
              <value>
                <![CDATA[PA001]]>
              </value>
            </param>
          </params>
          <reporter-output>
          </reporter-output>
        </test-method> <!-- addToCart -->
        <test-method status="PASS" signature="addToCart(java.lang.String, java.lang.String)[pri:0, instance:Assignment.DataProviderfromExcel@6ea6d14e]" name="addToCart" duration-ms="1" started-at="2019-05-26T22:37:40Z" data-provider="getDataForAddToCartTest" finished-at="2019-05-26T22:37:40Z">
          <params>
            <param index="0">
              <value>
                <![CDATA[T001]]>
              </value>
            </param>
            <param index="1">
              <value>
                <![CDATA[PA001]]>
              </value>
            </param>
          </params>
          <reporter-output>
          </reporter-output>
        </test-method> <!-- addToCart -->
        <test-method status="PASS" signature="addToCart(java.lang.String, java.lang.String)[pri:0, instance:Assignment.DataProviderfromExcel@6ea6d14e]" name="addToCart" duration-ms="1" started-at="2019-05-26T22:37:40Z" data-provider="getDataForAddToCartTest" finished-at="2019-05-26T22:37:40Z">
          <params>
            <param index="0">
              <value>
                <![CDATA[T001]]>
              </value>
            </param>
            <param index="1">
              <value>
                <![CDATA[PA001]]>
              </value>
            </param>
          </params>
          <reporter-output>
          </reporter-output>
        </test-method> <!-- addToCart -->
        <test-method status="PASS" signature="addToCart(java.lang.String, java.lang.String)[pri:0, instance:Assignment.DataProviderfromExcel@6ea6d14e]" name="addToCart" duration-ms="1" started-at="2019-05-26T22:37:40Z" data-provider="getDataForAddToCartTest" finished-at="2019-05-26T22:37:40Z">
          <params>
            <param index="0">
              <value>
                <![CDATA[T001]]>
              </value>
            </param>
            <param index="1">
              <value>
                <![CDATA[PA001]]>
              </value>
            </param>
          </params>
          <reporter-output>
          </reporter-output>
        </test-method> <!-- addToCart -->
        <test-method status="PASS" signature="addToCart(java.lang.String, java.lang.String)[pri:0, instance:Assignment.DataProviderfromExcel@6ea6d14e]" name="addToCart" duration-ms="1" started-at="2019-05-26T22:37:40Z" data-provider="getDataForAddToCartTest" finished-at="2019-05-26T22:37:40Z">
          <params>
            <param index="0">
              <value>
                <![CDATA[T001]]>
              </value>
            </param>
            <param index="1">
              <value>
                <![CDATA[PA001]]>
              </value>
            </param>
          </params>
          <reporter-output>
          </reporter-output>
        </test-method> <!-- addToCart -->
        <test-method status="PASS" signature="addToCart(java.lang.String, java.lang.String)[pri:0, instance:Assignment.DataProviderfromExcel@6ea6d14e]" name="addToCart" duration-ms="0" started-at="2019-05-26T22:37:40Z" data-provider="getDataForAddToCartTest" finished-at="2019-05-26T22:37:40Z">
          <params>
            <param index="0">
              <value>
                <![CDATA[T001]]>
              </value>
            </param>
            <param index="1">
              <value>
                <![CDATA[PA001]]>
              </value>
            </param>
          </params>
          <reporter-output>
          </reporter-output>
        </test-method> <!-- addToCart -->
        <test-method status="PASS" signature="addToCart(java.lang.String, java.lang.String)[pri:0, instance:Assignment.DataProviderfromExcel@6ea6d14e]" name="addToCart" duration-ms="1" started-at="2019-05-26T22:37:40Z" data-provider="getDataForAddToCartTest" finished-at="2019-05-26T22:37:40Z">
          <params>
            <param index="0">
              <value>
                <![CDATA[T001]]>
              </value>
            </param>
            <param index="1">
              <value>
                <![CDATA[PA001]]>
              </value>
            </param>
          </params>
          <reporter-output>
          </reporter-output>
        </test-method> <!-- addToCart -->
        <test-method status="PASS" signature="addToCart(java.lang.String, java.lang.String)[pri:0, instance:Assignment.DataProviderfromExcel@6ea6d14e]" name="addToCart" duration-ms="1" started-at="2019-05-26T22:37:40Z" data-provider="getDataForAddToCartTest" finished-at="2019-05-26T22:37:40Z">
          <params>
            <param index="0">
              <value>
                <![CDATA[T001]]>
              </value>
            </param>
            <param index="1">
              <value>
                <![CDATA[PA001]]>
              </value>
            </param>
          </params>
          <reporter-output>
          </reporter-output>
        </test-method> <!-- addToCart -->
        <test-method status="PASS" signature="addToCart(java.lang.String, java.lang.String)[pri:0, instance:Assignment.DataProviderfromExcel@6ea6d14e]" name="addToCart" duration-ms="0" started-at="2019-05-26T22:37:40Z" data-provider="getDataForAddToCartTest" finished-at="2019-05-26T22:37:40Z">
          <params>
            <param index="0">
              <value>
                <![CDATA[T001]]>
              </value>
            </param>
            <param index="1">
              <value>
                <![CDATA[PA001]]>
              </value>
            </param>
          </params>
          <reporter-output>
          </reporter-output>
        </test-method> <!-- addToCart -->
        <test-method status="PASS" signature="addToCart(java.lang.String, java.lang.String)[pri:0, instance:Assignment.DataProviderfromExcel@6ea6d14e]" name="addToCart" duration-ms="1" started-at="2019-05-26T22:37:40Z" data-provider="getDataForAddToCartTest" finished-at="2019-05-26T22:37:40Z">
          <params>
            <param index="0">
              <value>
                <![CDATA[T001]]>
              </value>
            </param>
            <param index="1">
              <value>
                <![CDATA[PA001]]>
              </value>
            </param>
          </params>
          <reporter-output>
          </reporter-output>
        </test-method> <!-- addToCart -->
        <test-method status="PASS" signature="addToCart(java.lang.String, java.lang.String)[pri:0, instance:Assignment.DataProviderfromExcel@6ea6d14e]" name="addToCart" duration-ms="1" started-at="2019-05-26T22:37:40Z" data-provider="getDataForAddToCartTest" finished-at="2019-05-26T22:37:40Z">
          <params>
            <param index="0">
              <value>
                <![CDATA[T001]]>
              </value>
            </param>
            <param index="1">
              <value>
                <![CDATA[PA001]]>
              </value>
            </param>
          </params>
          <reporter-output>
          </reporter-output>
        </test-method> <!-- addToCart -->
        <test-method status="PASS" signature="addToCart(java.lang.String, java.lang.String)[pri:0, instance:Assignment.DataProviderfromExcel@6ea6d14e]" name="addToCart" duration-ms="0" started-at="2019-05-26T22:37:40Z" data-provider="getDataForAddToCartTest" finished-at="2019-05-26T22:37:40Z">
          <params>
            <param index="0">
              <value>
                <![CDATA[T001]]>
              </value>
            </param>
            <param index="1">
              <value>
                <![CDATA[PA001]]>
              </value>
            </param>
          </params>
          <reporter-output>
          </reporter-output>
        </test-method> <!-- addToCart -->
        <test-method status="PASS" signature="addToCart(java.lang.String, java.lang.String)[pri:0, instance:Assignment.DataProviderfromExcel@6ea6d14e]" name="addToCart" duration-ms="1" started-at="2019-05-26T22:37:40Z" data-provider="getDataForAddToCartTest" finished-at="2019-05-26T22:37:40Z">
          <params>
            <param index="0">
              <value>
                <![CDATA[T001]]>
              </value>
            </param>
            <param index="1">
              <value>
                <![CDATA[PA001]]>
              </value>
            </param>
          </params>
          <reporter-output>
          </reporter-output>
        </test-method> <!-- addToCart -->
        <test-method status="PASS" signature="addToCart(java.lang.String, java.lang.String)[pri:0, instance:Assignment.DataProviderfromExcel@6ea6d14e]" name="addToCart" duration-ms="1" started-at="2019-05-26T22:37:40Z" data-provider="getDataForAddToCartTest" finished-at="2019-05-26T22:37:40Z">
          <params>
            <param index="0">
              <value>
                <![CDATA[T001]]>
              </value>
            </param>
            <param index="1">
              <value>
                <![CDATA[PA001]]>
              </value>
            </param>
          </params>
          <reporter-output>
          </reporter-output>
        </test-method> <!-- addToCart -->
        <test-method status="PASS" signature="addToCart(java.lang.String, java.lang.String)[pri:0, instance:Assignment.DataProviderfromExcel@6ea6d14e]" name="addToCart" duration-ms="0" started-at="2019-05-26T22:37:40Z" data-provider="getDataForAddToCartTest" finished-at="2019-05-26T22:37:40Z">
          <params>
            <param index="0">
              <value>
                <![CDATA[T001]]>
              </value>
            </param>
            <param index="1">
              <value>
                <![CDATA[PA001]]>
              </value>
            </param>
          </params>
          <reporter-output>
          </reporter-output>
        </test-method> <!-- addToCart -->
        <test-method status="PASS" signature="addToCart(java.lang.String, java.lang.String)[pri:0, instance:Assignment.DataProviderfromExcel@6ea6d14e]" name="addToCart" duration-ms="1" started-at="2019-05-26T22:37:40Z" data-provider="getDataForAddToCartTest" finished-at="2019-05-26T22:37:40Z">
          <params>
            <param index="0">
              <value>
                <![CDATA[T001]]>
              </value>
            </param>
            <param index="1">
              <value>
                <![CDATA[PA001]]>
              </value>
            </param>
          </params>
          <reporter-output>
          </reporter-output>
        </test-method> <!-- addToCart -->
        <test-method status="PASS" signature="addToCart(java.lang.String, java.lang.String)[pri:0, instance:Assignment.DataProviderfromExcel@6ea6d14e]" name="addToCart" duration-ms="1" started-at="2019-05-26T22:37:40Z" data-provider="getDataForAddToCartTest" finished-at="2019-05-26T22:37:40Z">
          <params>
            <param index="0">
              <value>
                <![CDATA[T001]]>
              </value>
            </param>
            <param index="1">
              <value>
                <![CDATA[PA001]]>
              </value>
            </param>
          </params>
          <reporter-output>
          </reporter-output>
        </test-method> <!-- addToCart -->
        <test-method status="PASS" signature="addToCart(java.lang.String, java.lang.String)[pri:0, instance:Assignment.DataProviderfromExcel@6ea6d14e]" name="addToCart" duration-ms="1" started-at="2019-05-26T22:37:40Z" data-provider="getDataForAddToCartTest" finished-at="2019-05-26T22:37:40Z">
          <params>
            <param index="0">
              <value>
                <![CDATA[T001]]>
              </value>
            </param>
            <param index="1">
              <value>
                <![CDATA[PA001]]>
              </value>
            </param>
          </params>
          <reporter-output>
          </reporter-output>
        </test-method> <!-- addToCart -->
        <test-method status="PASS" signature="addToCart(java.lang.String, java.lang.String)[pri:0, instance:Assignment.DataProviderfromExcel@6ea6d14e]" name="addToCart" duration-ms="1" started-at="2019-05-26T22:37:40Z" data-provider="getDataForAddToCartTest" finished-at="2019-05-26T22:37:40Z">
          <params>
            <param index="0">
              <value>
                <![CDATA[T001]]>
              </value>
            </param>
            <param index="1">
              <value>
                <![CDATA[PA001]]>
              </value>
            </param>
          </params>
          <reporter-output>
          </reporter-output>
        </test-method> <!-- addToCart -->
        <test-method status="PASS" signature="addToCart(java.lang.String, java.lang.String)[pri:0, instance:Assignment.DataProviderfromExcel@6ea6d14e]" name="addToCart" duration-ms="1" started-at="2019-05-26T22:37:40Z" data-provider="getDataForAddToCartTest" finished-at="2019-05-26T22:37:40Z">
          <params>
            <param index="0">
              <value>
                <![CDATA[T001]]>
              </value>
            </param>
            <param index="1">
              <value>
                <![CDATA[PA001]]>
              </value>
            </param>
          </params>
          <reporter-output>
          </reporter-output>
        </test-method> <!-- addToCart -->
        <test-method status="PASS" signature="addToCart(java.lang.String, java.lang.String)[pri:0, instance:Assignment.DataProviderfromExcel@6ea6d14e]" name="addToCart" duration-ms="1" started-at="2019-05-26T22:37:40Z" data-provider="getDataForAddToCartTest" finished-at="2019-05-26T22:37:40Z">
          <params>
            <param index="0">
              <value>
                <![CDATA[T001]]>
              </value>
            </param>
            <param index="1">
              <value>
                <![CDATA[PA001]]>
              </value>
            </param>
          </params>
          <reporter-output>
          </reporter-output>
        </test-method> <!-- addToCart -->
        <test-method status="PASS" signature="addToCart(java.lang.String, java.lang.String)[pri:0, instance:Assignment.DataProviderfromExcel@6ea6d14e]" name="addToCart" duration-ms="1" started-at="2019-05-26T22:37:40Z" data-provider="getDataForAddToCartTest" finished-at="2019-05-26T22:37:40Z">
          <params>
            <param index="0">
              <value>
                <![CDATA[T001]]>
              </value>
            </param>
            <param index="1">
              <value>
                <![CDATA[PA001]]>
              </value>
            </param>
          </params>
          <reporter-output>
          </reporter-output>
        </test-method> <!-- addToCart -->
        <test-method status="PASS" signature="addToCart(java.lang.String, java.lang.String)[pri:0, instance:Assignment.DataProviderfromExcel@6ea6d14e]" name="addToCart" duration-ms="1" started-at="2019-05-26T22:37:40Z" data-provider="getDataForAddToCartTest" finished-at="2019-05-26T22:37:40Z">
          <params>
            <param index="0">
              <value>
                <![CDATA[T001]]>
              </value>
            </param>
            <param index="1">
              <value>
                <![CDATA[PA001]]>
              </value>
            </param>
          </params>
          <reporter-output>
          </reporter-output>
        </test-method> <!-- addToCart -->
        <test-method status="PASS" signature="addToCart(java.lang.String, java.lang.String)[pri:0, instance:Assignment.DataProviderfromExcel@6ea6d14e]" name="addToCart" duration-ms="1" started-at="2019-05-26T22:37:40Z" data-provider="getDataForAddToCartTest" finished-at="2019-05-26T22:37:40Z">
          <params>
            <param index="0">
              <value>
                <![CDATA[T001]]>
              </value>
            </param>
            <param index="1">
              <value>
                <![CDATA[PA001]]>
              </value>
            </param>
          </params>
          <reporter-output>
          </reporter-output>
        </test-method> <!-- addToCart -->
        <test-method status="PASS" signature="addToCart(java.lang.String, java.lang.String)[pri:0, instance:Assignment.DataProviderfromExcel@6ea6d14e]" name="addToCart" duration-ms="0" started-at="2019-05-26T22:37:40Z" data-provider="getDataForAddToCartTest" finished-at="2019-05-26T22:37:40Z">
          <params>
            <param index="0">
              <value>
                <![CDATA[T001]]>
              </value>
            </param>
            <param index="1">
              <value>
                <![CDATA[PA001]]>
              </value>
            </param>
          </params>
          <reporter-output>
          </reporter-output>
        </test-method> <!-- addToCart -->
        <test-method status="PASS" signature="addToCart(java.lang.String, java.lang.String)[pri:0, instance:Assignment.DataProviderfromExcel@6ea6d14e]" name="addToCart" duration-ms="0" started-at="2019-05-26T22:37:40Z" data-provider="getDataForAddToCartTest" finished-at="2019-05-26T22:37:40Z">
          <params>
            <param index="0">
              <value>
                <![CDATA[T001]]>
              </value>
            </param>
            <param index="1">
              <value>
                <![CDATA[PA001]]>
              </value>
            </param>
          </params>
          <reporter-output>
          </reporter-output>
        </test-method> <!-- addToCart -->
        <test-method status="PASS" signature="addToCart(java.lang.String, java.lang.String)[pri:0, instance:Assignment.DataProviderfromExcel@6ea6d14e]" name="addToCart" duration-ms="1" started-at="2019-05-26T22:37:40Z" data-provider="getDataForAddToCartTest" finished-at="2019-05-26T22:37:40Z">
          <params>
            <param index="0">
              <value>
                <![CDATA[T001]]>
              </value>
            </param>
            <param index="1">
              <value>
                <![CDATA[PA001]]>
              </value>
            </param>
          </params>
          <reporter-output>
          </reporter-output>
        </test-method> <!-- addToCart -->
        <test-method status="PASS" signature="addToCart(java.lang.String, java.lang.String)[pri:0, instance:Assignment.DataProviderfromExcel@6ea6d14e]" name="addToCart" duration-ms="1" started-at="2019-05-26T22:37:40Z" data-provider="getDataForAddToCartTest" finished-at="2019-05-26T22:37:40Z">
          <params>
            <param index="0">
              <value>
                <![CDATA[T001]]>
              </value>
            </param>
            <param index="1">
              <value>
                <![CDATA[PA001]]>
              </value>
            </param>
          </params>
          <reporter-output>
          </reporter-output>
        </test-method> <!-- addToCart -->
        <test-method status="PASS" signature="addToCart(java.lang.String, java.lang.String)[pri:0, instance:Assignment.DataProviderfromExcel@6ea6d14e]" name="addToCart" duration-ms="1" started-at="2019-05-26T22:37:40Z" data-provider="getDataForAddToCartTest" finished-at="2019-05-26T22:37:40Z">
          <params>
            <param index="0">
              <value>
                <![CDATA[T001]]>
              </value>
            </param>
            <param index="1">
              <value>
                <![CDATA[PA001]]>
              </value>
            </param>
          </params>
          <reporter-output>
          </reporter-output>
        </test-method> <!-- addToCart -->
        <test-method status="PASS" signature="addToCart(java.lang.String, java.lang.String)[pri:0, instance:Assignment.DataProviderfromExcel@6ea6d14e]" name="addToCart" duration-ms="1" started-at="2019-05-26T22:37:40Z" data-provider="getDataForAddToCartTest" finished-at="2019-05-26T22:37:40Z">
          <params>
            <param index="0">
              <value>
                <![CDATA[T001]]>
              </value>
            </param>
            <param index="1">
              <value>
                <![CDATA[PA001]]>
              </value>
            </param>
          </params>
          <reporter-output>
          </reporter-output>
        </test-method> <!-- addToCart -->
        <test-method status="PASS" signature="addToCart(java.lang.String, java.lang.String)[pri:0, instance:Assignment.DataProviderfromExcel@6ea6d14e]" name="addToCart" duration-ms="0" started-at="2019-05-26T22:37:40Z" data-provider="getDataForAddToCartTest" finished-at="2019-05-26T22:37:40Z">
          <params>
            <param index="0">
              <value>
                <![CDATA[T001]]>
              </value>
            </param>
            <param index="1">
              <value>
                <![CDATA[PA001]]>
              </value>
            </param>
          </params>
          <reporter-output>
          </reporter-output>
        </test-method> <!-- addToCart -->
        <test-method status="PASS" signature="addToCart(java.lang.String, java.lang.String)[pri:0, instance:Assignment.DataProviderfromExcel@6ea6d14e]" name="addToCart" duration-ms="1" started-at="2019-05-26T22:37:40Z" data-provider="getDataForAddToCartTest" finished-at="2019-05-26T22:37:40Z">
          <params>
            <param index="0">
              <value>
                <![CDATA[T001]]>
              </value>
            </param>
            <param index="1">
              <value>
                <![CDATA[PA001]]>
              </value>
            </param>
          </params>
          <reporter-output>
          </reporter-output>
        </test-method> <!-- addToCart -->
        <test-method status="PASS" signature="addToCart(java.lang.String, java.lang.String)[pri:0, instance:Assignment.DataProviderfromExcel@6ea6d14e]" name="addToCart" duration-ms="1" started-at="2019-05-26T22:37:40Z" data-provider="getDataForAddToCartTest" finished-at="2019-05-26T22:37:40Z">
          <params>
            <param index="0">
              <value>
                <![CDATA[T001]]>
              </value>
            </param>
            <param index="1">
              <value>
                <![CDATA[PA001]]>
              </value>
            </param>
          </params>
          <reporter-output>
          </reporter-output>
        </test-method> <!-- addToCart -->
        <test-method status="PASS" signature="addToCart(java.lang.String, java.lang.String)[pri:0, instance:Assignment.DataProviderfromExcel@6ea6d14e]" name="addToCart" duration-ms="1" started-at="2019-05-26T22:37:40Z" data-provider="getDataForAddToCartTest" finished-at="2019-05-26T22:37:40Z">
          <params>
            <param index="0">
              <value>
                <![CDATA[T001]]>
              </value>
            </param>
            <param index="1">
              <value>
                <![CDATA[PA001]]>
              </value>
            </param>
          </params>
          <reporter-output>
          </reporter-output>
        </test-method> <!-- addToCart -->
        <test-method status="PASS" signature="addToCart(java.lang.String, java.lang.String)[pri:0, instance:Assignment.DataProviderfromExcel@6ea6d14e]" name="addToCart" duration-ms="1" started-at="2019-05-26T22:37:40Z" data-provider="getDataForAddToCartTest" finished-at="2019-05-26T22:37:40Z">
          <params>
            <param index="0">
              <value>
                <![CDATA[T001]]>
              </value>
            </param>
            <param index="1">
              <value>
                <![CDATA[PA001]]>
              </value>
            </param>
          </params>
          <reporter-output>
          </reporter-output>
        </test-method> <!-- addToCart -->
        <test-method status="PASS" signature="addToCart(java.lang.String, java.lang.String)[pri:0, instance:Assignment.DataProviderfromExcel@6ea6d14e]" name="addToCart" duration-ms="1" started-at="2019-05-26T22:37:40Z" data-provider="getDataForAddToCartTest" finished-at="2019-05-26T22:37:40Z">
          <params>
            <param index="0">
              <value>
                <![CDATA[T001]]>
              </value>
            </param>
            <param index="1">
              <value>
                <![CDATA[PA001]]>
              </value>
            </param>
          </params>
          <reporter-output>
          </reporter-output>
        </test-method> <!-- addToCart -->
        <test-method status="PASS" signature="addToCart(java.lang.String, java.lang.String)[pri:0, instance:Assignment.DataProviderfromExcel@6ea6d14e]" name="addToCart" duration-ms="1" started-at="2019-05-26T22:37:40Z" data-provider="getDataForAddToCartTest" finished-at="2019-05-26T22:37:40Z">
          <params>
            <param index="0">
              <value>
                <![CDATA[T001]]>
              </value>
            </param>
            <param index="1">
              <value>
                <![CDATA[PA001]]>
              </value>
            </param>
          </params>
          <reporter-output>
          </reporter-output>
        </test-method> <!-- addToCart -->
        <test-method status="PASS" signature="addToCart(java.lang.String, java.lang.String)[pri:0, instance:Assignment.DataProviderfromExcel@6ea6d14e]" name="addToCart" duration-ms="0" started-at="2019-05-26T22:37:40Z" data-provider="getDataForAddToCartTest" finished-at="2019-05-26T22:37:40Z">
          <params>
            <param index="0">
              <value>
                <![CDATA[T001]]>
              </value>
            </param>
            <param index="1">
              <value>
                <![CDATA[PA001]]>
              </value>
            </param>
          </params>
          <reporter-output>
          </reporter-output>
        </test-method> <!-- addToCart -->
        <test-method status="PASS" signature="addToCart(java.lang.String, java.lang.String)[pri:0, instance:Assignment.DataProviderfromExcel@6ea6d14e]" name="addToCart" duration-ms="1" started-at="2019-05-26T22:37:40Z" data-provider="getDataForAddToCartTest" finished-at="2019-05-26T22:37:40Z">
          <params>
            <param index="0">
              <value>
                <![CDATA[T001]]>
              </value>
            </param>
            <param index="1">
              <value>
                <![CDATA[PA001]]>
              </value>
            </param>
          </params>
          <reporter-output>
          </reporter-output>
        </test-method> <!-- addToCart -->
        <test-method status="PASS" signature="addToCart(java.lang.String, java.lang.String)[pri:0, instance:Assignment.DataProviderfromExcel@6ea6d14e]" name="addToCart" duration-ms="1" started-at="2019-05-26T22:37:40Z" data-provider="getDataForAddToCartTest" finished-at="2019-05-26T22:37:40Z">
          <params>
            <param index="0">
              <value>
                <![CDATA[T001]]>
              </value>
            </param>
            <param index="1">
              <value>
                <![CDATA[PA001]]>
              </value>
            </param>
          </params>
          <reporter-output>
          </reporter-output>
        </test-method> <!-- addToCart -->
        <test-method status="PASS" signature="addToCart(java.lang.String, java.lang.String)[pri:0, instance:Assignment.DataProviderfromExcel@6ea6d14e]" name="addToCart" duration-ms="1" started-at="2019-05-26T22:37:40Z" data-provider="getDataForAddToCartTest" finished-at="2019-05-26T22:37:40Z">
          <params>
            <param index="0">
              <value>
                <![CDATA[T001]]>
              </value>
            </param>
            <param index="1">
              <value>
                <![CDATA[PA001]]>
              </value>
            </param>
          </params>
          <reporter-output>
          </reporter-output>
        </test-method> <!-- addToCart -->
        <test-method status="PASS" signature="addToCart(java.lang.String, java.lang.String)[pri:0, instance:Assignment.DataProviderfromExcel@6ea6d14e]" name="addToCart" duration-ms="1" started-at="2019-05-26T22:37:40Z" data-provider="getDataForAddToCartTest" finished-at="2019-05-26T22:37:40Z">
          <params>
            <param index="0">
              <value>
                <![CDATA[T001]]>
              </value>
            </param>
            <param index="1">
              <value>
                <![CDATA[PA001]]>
              </value>
            </param>
          </params>
          <reporter-output>
          </reporter-output>
        </test-method> <!-- addToCart -->
        <test-method status="PASS" signature="addToCart(java.lang.String, java.lang.String)[pri:0, instance:Assignment.DataProviderfromExcel@6ea6d14e]" name="addToCart" duration-ms="1" started-at="2019-05-26T22:37:40Z" data-provider="getDataForAddToCartTest" finished-at="2019-05-26T22:37:40Z">
          <params>
            <param index="0">
              <value>
                <![CDATA[T001]]>
              </value>
            </param>
            <param index="1">
              <value>
                <![CDATA[PA001]]>
              </value>
            </param>
          </params>
          <reporter-output>
          </reporter-output>
        </test-method> <!-- addToCart -->
        <test-method status="PASS" signature="addToCart(java.lang.String, java.lang.String)[pri:0, instance:Assignment.DataProviderfromExcel@6ea6d14e]" name="addToCart" duration-ms="1" started-at="2019-05-26T22:37:40Z" data-provider="getDataForAddToCartTest" finished-at="2019-05-26T22:37:40Z">
          <params>
            <param index="0">
              <value>
                <![CDATA[T001]]>
              </value>
            </param>
            <param index="1">
              <value>
                <![CDATA[PA001]]>
              </value>
            </param>
          </params>
          <reporter-output>
          </reporter-output>
        </test-method> <!-- addToCart -->
        <test-method status="PASS" signature="addToCart(java.lang.String, java.lang.String)[pri:0, instance:Assignment.DataProviderfromExcel@6ea6d14e]" name="addToCart" duration-ms="1" started-at="2019-05-26T22:37:40Z" data-provider="getDataForAddToCartTest" finished-at="2019-05-26T22:37:40Z">
          <params>
            <param index="0">
              <value>
                <![CDATA[T001]]>
              </value>
            </param>
            <param index="1">
              <value>
                <![CDATA[PA001]]>
              </value>
            </param>
          </params>
          <reporter-output>
          </reporter-output>
        </test-method> <!-- addToCart -->
        <test-method status="PASS" signature="addToCart(java.lang.String, java.lang.String)[pri:0, instance:Assignment.DataProviderfromExcel@6ea6d14e]" name="addToCart" duration-ms="1" started-at="2019-05-26T22:37:40Z" data-provider="getDataForAddToCartTest" finished-at="2019-05-26T22:37:40Z">
          <params>
            <param index="0">
              <value>
                <![CDATA[T001]]>
              </value>
            </param>
            <param index="1">
              <value>
                <![CDATA[PA001]]>
              </value>
            </param>
          </params>
          <reporter-output>
          </reporter-output>
        </test-method> <!-- addToCart -->
        <test-method status="PASS" signature="addToCart(java.lang.String, java.lang.String)[pri:0, instance:Assignment.DataProviderfromExcel@6ea6d14e]" name="addToCart" duration-ms="1" started-at="2019-05-26T22:37:40Z" data-provider="getDataForAddToCartTest" finished-at="2019-05-26T22:37:40Z">
          <params>
            <param index="0">
              <value>
                <![CDATA[T001]]>
              </value>
            </param>
            <param index="1">
              <value>
                <![CDATA[PA001]]>
              </value>
            </param>
          </params>
          <reporter-output>
          </reporter-output>
        </test-method> <!-- addToCart -->
        <test-method status="PASS" signature="addToCart(java.lang.String, java.lang.String)[pri:0, instance:Assignment.DataProviderfromExcel@6ea6d14e]" name="addToCart" duration-ms="17" started-at="2019-05-26T22:37:40Z" data-provider="getDataForAddToCartTest" finished-at="2019-05-26T22:37:40Z">
          <params>
            <param index="0">
              <value>
                <![CDATA[T001]]>
              </value>
            </param>
            <param index="1">
              <value>
                <![CDATA[PA001]]>
              </value>
            </param>
          </params>
          <reporter-output>
          </reporter-output>
        </test-method> <!-- addToCart -->
        <test-method status="PASS" signature="addToCart(java.lang.String, java.lang.String)[pri:0, instance:Assignment.DataProviderfromExcel@6ea6d14e]" name="addToCart" duration-ms="2" started-at="2019-05-26T22:37:40Z" data-provider="getDataForAddToCartTest" finished-at="2019-05-26T22:37:40Z">
          <params>
            <param index="0">
              <value>
                <![CDATA[T001]]>
              </value>
            </param>
            <param index="1">
              <value>
                <![CDATA[PA001]]>
              </value>
            </param>
          </params>
          <reporter-output>
          </reporter-output>
        </test-method> <!-- addToCart -->
        <test-method status="PASS" signature="addToCart(java.lang.String, java.lang.String)[pri:0, instance:Assignment.DataProviderfromExcel@6ea6d14e]" name="addToCart" duration-ms="1" started-at="2019-05-26T22:37:40Z" data-provider="getDataForAddToCartTest" finished-at="2019-05-26T22:37:40Z">
          <params>
            <param index="0">
              <value>
                <![CDATA[T001]]>
              </value>
            </param>
            <param index="1">
              <value>
                <![CDATA[PA001]]>
              </value>
            </param>
          </params>
          <reporter-output>
          </reporter-output>
        </test-method> <!-- addToCart -->
        <test-method status="PASS" signature="addToCart(java.lang.String, java.lang.String)[pri:0, instance:Assignment.DataProviderfromExcel@6ea6d14e]" name="addToCart" duration-ms="1" started-at="2019-05-26T22:37:40Z" data-provider="getDataForAddToCartTest" finished-at="2019-05-26T22:37:40Z">
          <params>
            <param index="0">
              <value>
                <![CDATA[T001]]>
              </value>
            </param>
            <param index="1">
              <value>
                <![CDATA[PA001]]>
              </value>
            </param>
          </params>
          <reporter-output>
          </reporter-output>
        </test-method> <!-- addToCart -->
        <test-method status="PASS" signature="addToCart(java.lang.String, java.lang.String)[pri:0, instance:Assignment.DataProviderfromExcel@6ea6d14e]" name="addToCart" duration-ms="1" started-at="2019-05-26T22:37:40Z" data-provider="getDataForAddToCartTest" finished-at="2019-05-26T22:37:40Z">
          <params>
            <param index="0">
              <value>
                <![CDATA[T001]]>
              </value>
            </param>
            <param index="1">
              <value>
                <![CDATA[PA001]]>
              </value>
            </param>
          </params>
          <reporter-output>
          </reporter-output>
        </test-method> <!-- addToCart -->
        <test-method status="PASS" signature="addToCart(java.lang.String, java.lang.String)[pri:0, instance:Assignment.DataProviderfromExcel@6ea6d14e]" name="addToCart" duration-ms="1" started-at="2019-05-26T22:37:40Z" data-provider="getDataForAddToCartTest" finished-at="2019-05-26T22:37:40Z">
          <params>
            <param index="0">
              <value>
                <![CDATA[T001]]>
              </value>
            </param>
            <param index="1">
              <value>
                <![CDATA[PA001]]>
              </value>
            </param>
          </params>
          <reporter-output>
          </reporter-output>
        </test-method> <!-- addToCart -->
        <test-method status="PASS" signature="addToCart(java.lang.String, java.lang.String)[pri:0, instance:Assignment.DataProviderfromExcel@6ea6d14e]" name="addToCart" duration-ms="1" started-at="2019-05-26T22:37:40Z" data-provider="getDataForAddToCartTest" finished-at="2019-05-26T22:37:40Z">
          <params>
            <param index="0">
              <value>
                <![CDATA[T001]]>
              </value>
            </param>
            <param index="1">
              <value>
                <![CDATA[PA001]]>
              </value>
            </param>
          </params>
          <reporter-output>
          </reporter-output>
        </test-method> <!-- addToCart -->
        <test-method status="PASS" signature="addToCart(java.lang.String, java.lang.String)[pri:0, instance:Assignment.DataProviderfromExcel@6ea6d14e]" name="addToCart" duration-ms="1" started-at="2019-05-26T22:37:40Z" data-provider="getDataForAddToCartTest" finished-at="2019-05-26T22:37:40Z">
          <params>
            <param index="0">
              <value>
                <![CDATA[T001]]>
              </value>
            </param>
            <param index="1">
              <value>
                <![CDATA[PA001]]>
              </value>
            </param>
          </params>
          <reporter-output>
          </reporter-output>
        </test-method> <!-- addToCart -->
        <test-method status="PASS" signature="addToCart(java.lang.String, java.lang.String)[pri:0, instance:Assignment.DataProviderfromExcel@6ea6d14e]" name="addToCart" duration-ms="0" started-at="2019-05-26T22:37:40Z" data-provider="getDataForAddToCartTest" finished-at="2019-05-26T22:37:40Z">
          <params>
            <param index="0">
              <value>
                <![CDATA[T001]]>
              </value>
            </param>
            <param index="1">
              <value>
                <![CDATA[PA001]]>
              </value>
            </param>
          </params>
          <reporter-output>
          </reporter-output>
        </test-method> <!-- addToCart -->
        <test-method status="PASS" signature="addToCart(java.lang.String, java.lang.String)[pri:0, instance:Assignment.DataProviderfromExcel@6ea6d14e]" name="addToCart" duration-ms="1" started-at="2019-05-26T22:37:40Z" data-provider="getDataForAddToCartTest" finished-at="2019-05-26T22:37:40Z">
          <params>
            <param index="0">
              <value>
                <![CDATA[T001]]>
              </value>
            </param>
            <param index="1">
              <value>
                <![CDATA[PA001]]>
              </value>
            </param>
          </params>
          <reporter-output>
          </reporter-output>
        </test-method> <!-- addToCart -->
        <test-method status="PASS" signature="addToCart(java.lang.String, java.lang.String)[pri:0, instance:Assignment.DataProviderfromExcel@6ea6d14e]" name="addToCart" duration-ms="1" started-at="2019-05-26T22:37:40Z" data-provider="getDataForAddToCartTest" finished-at="2019-05-26T22:37:40Z">
          <params>
            <param index="0">
              <value>
                <![CDATA[T001]]>
              </value>
            </param>
            <param index="1">
              <value>
                <![CDATA[PA001]]>
              </value>
            </param>
          </params>
          <reporter-output>
          </reporter-output>
        </test-method> <!-- addToCart -->
        <test-method status="PASS" signature="addToCart(java.lang.String, java.lang.String)[pri:0, instance:Assignment.DataProviderfromExcel@6ea6d14e]" name="addToCart" duration-ms="1" started-at="2019-05-26T22:37:40Z" data-provider="getDataForAddToCartTest" finished-at="2019-05-26T22:37:40Z">
          <params>
            <param index="0">
              <value>
                <![CDATA[T001]]>
              </value>
            </param>
            <param index="1">
              <value>
                <![CDATA[PA001]]>
              </value>
            </param>
          </params>
          <reporter-output>
          </reporter-output>
        </test-method> <!-- addToCart -->
        <test-method status="PASS" signature="addToCart(java.lang.String, java.lang.String)[pri:0, instance:Assignment.DataProviderfromExcel@6ea6d14e]" name="addToCart" duration-ms="1" started-at="2019-05-26T22:37:40Z" data-provider="getDataForAddToCartTest" finished-at="2019-05-26T22:37:40Z">
          <params>
            <param index="0">
              <value>
                <![CDATA[T001]]>
              </value>
            </param>
            <param index="1">
              <value>
                <![CDATA[PA001]]>
              </value>
            </param>
          </params>
          <reporter-output>
          </reporter-output>
        </test-method> <!-- addToCart -->
        <test-method status="PASS" signature="addToCart(java.lang.String, java.lang.String)[pri:0, instance:Assignment.DataProviderfromExcel@6ea6d14e]" name="addToCart" duration-ms="1" started-at="2019-05-26T22:37:40Z" data-provider="getDataForAddToCartTest" finished-at="2019-05-26T22:37:40Z">
          <params>
            <param index="0">
              <value>
                <![CDATA[T001]]>
              </value>
            </param>
            <param index="1">
              <value>
                <![CDATA[PA001]]>
              </value>
            </param>
          </params>
          <reporter-output>
          </reporter-output>
        </test-method> <!-- addToCart -->
        <test-method status="PASS" signature="addToCart(java.lang.String, java.lang.String)[pri:0, instance:Assignment.DataProviderfromExcel@6ea6d14e]" name="addToCart" duration-ms="1" started-at="2019-05-26T22:37:40Z" data-provider="getDataForAddToCartTest" finished-at="2019-05-26T22:37:40Z">
          <params>
            <param index="0">
              <value>
                <![CDATA[T001]]>
              </value>
            </param>
            <param index="1">
              <value>
                <![CDATA[PA001]]>
              </value>
            </param>
          </params>
          <reporter-output>
          </reporter-output>
        </test-method> <!-- addToCart -->
        <test-method status="PASS" signature="addToCart(java.lang.String, java.lang.String)[pri:0, instance:Assignment.DataProviderfromExcel@6ea6d14e]" name="addToCart" duration-ms="0" started-at="2019-05-26T22:37:40Z" data-provider="getDataForAddToCartTest" finished-at="2019-05-26T22:37:40Z">
          <params>
            <param index="0">
              <value>
                <![CDATA[T001]]>
              </value>
            </param>
            <param index="1">
              <value>
                <![CDATA[PA001]]>
              </value>
            </param>
          </params>
          <reporter-output>
          </reporter-output>
        </test-method> <!-- addToCart -->
        <test-method status="PASS" signature="addToCart(java.lang.String, java.lang.String)[pri:0, instance:Assignment.DataProviderfromExcel@6ea6d14e]" name="addToCart" duration-ms="0" started-at="2019-05-26T22:37:40Z" data-provider="getDataForAddToCartTest" finished-at="2019-05-26T22:37:40Z">
          <params>
            <param index="0">
              <value>
                <![CDATA[T001]]>
              </value>
            </param>
            <param index="1">
              <value>
                <![CDATA[PA001]]>
              </value>
            </param>
          </params>
          <reporter-output>
          </reporter-output>
        </test-method> <!-- addToCart -->
        <test-method status="PASS" signature="addToCart(java.lang.String, java.lang.String)[pri:0, instance:Assignment.DataProviderfromExcel@6ea6d14e]" name="addToCart" duration-ms="0" started-at="2019-05-26T22:37:40Z" data-provider="getDataForAddToCartTest" finished-at="2019-05-26T22:37:40Z">
          <params>
            <param index="0">
              <value>
                <![CDATA[T001]]>
              </value>
            </param>
            <param index="1">
              <value>
                <![CDATA[PA001]]>
              </value>
            </param>
          </params>
          <reporter-output>
          </reporter-output>
        </test-method> <!-- addToCart -->
        <test-method status="PASS" signature="addToCart(java.lang.String, java.lang.String)[pri:0, instance:Assignment.DataProviderfromExcel@6ea6d14e]" name="addToCart" duration-ms="0" started-at="2019-05-26T22:37:40Z" data-provider="getDataForAddToCartTest" finished-at="2019-05-26T22:37:40Z">
          <params>
            <param index="0">
              <value>
                <![CDATA[T001]]>
              </value>
            </param>
            <param index="1">
              <value>
                <![CDATA[PA001]]>
              </value>
            </param>
          </params>
          <reporter-output>
          </reporter-output>
        </test-method> <!-- addToCart -->
        <test-method status="PASS" signature="addToCart(java.lang.String, java.lang.String)[pri:0, instance:Assignment.DataProviderfromExcel@6ea6d14e]" name="addToCart" duration-ms="0" started-at="2019-05-26T22:37:40Z" data-provider="getDataForAddToCartTest" finished-at="2019-05-26T22:37:40Z">
          <params>
            <param index="0">
              <value>
                <![CDATA[T001]]>
              </value>
            </param>
            <param index="1">
              <value>
                <![CDATA[PA001]]>
              </value>
            </param>
          </params>
          <reporter-output>
          </reporter-output>
        </test-method> <!-- addToCart -->
        <test-method status="PASS" signature="addToCart(java.lang.String, java.lang.String)[pri:0, instance:Assignment.DataProviderfromExcel@6ea6d14e]" name="addToCart" duration-ms="0" started-at="2019-05-26T22:37:40Z" data-provider="getDataForAddToCartTest" finished-at="2019-05-26T22:37:40Z">
          <params>
            <param index="0">
              <value>
                <![CDATA[T001]]>
              </value>
            </param>
            <param index="1">
              <value>
                <![CDATA[PA001]]>
              </value>
            </param>
          </params>
          <reporter-output>
          </reporter-output>
        </test-method> <!-- addToCart -->
        <test-method status="PASS" signature="addToCart(java.lang.String, java.lang.String)[pri:0, instance:Assignment.DataProviderfromExcel@6ea6d14e]" name="addToCart" duration-ms="0" started-at="2019-05-26T22:37:40Z" data-provider="getDataForAddToCartTest" finished-at="2019-05-26T22:37:40Z">
          <params>
            <param index="0">
              <value>
                <![CDATA[T001]]>
              </value>
            </param>
            <param index="1">
              <value>
                <![CDATA[PA001]]>
              </value>
            </param>
          </params>
          <reporter-output>
          </reporter-output>
        </test-method> <!-- addToCart -->
        <test-method status="PASS" signature="addToCart(java.lang.String, java.lang.String)[pri:0, instance:Assignment.DataProviderfromExcel@6ea6d14e]" name="addToCart" duration-ms="0" started-at="2019-05-26T22:37:40Z" data-provider="getDataForAddToCartTest" finished-at="2019-05-26T22:37:40Z">
          <params>
            <param index="0">
              <value>
                <![CDATA[T001]]>
              </value>
            </param>
            <param index="1">
              <value>
                <![CDATA[PA001]]>
              </value>
            </param>
          </params>
          <reporter-output>
          </reporter-output>
        </test-method> <!-- addToCart -->
        <test-method status="PASS" signature="addToCart(java.lang.String, java.lang.String)[pri:0, instance:Assignment.DataProviderfromExcel@6ea6d14e]" name="addToCart" duration-ms="5" started-at="2019-05-26T22:37:40Z" data-provider="getDataForAddToCartTest" finished-at="2019-05-26T22:37:40Z">
          <params>
            <param index="0">
              <value>
                <![CDATA[T001]]>
              </value>
            </param>
            <param index="1">
              <value>
                <![CDATA[PA001]]>
              </value>
            </param>
          </params>
          <reporter-output>
          </reporter-output>
        </test-method> <!-- addToCart -->
        <test-method status="PASS" signature="addToCart(java.lang.String, java.lang.String)[pri:0, instance:Assignment.DataProviderfromExcel@6ea6d14e]" name="addToCart" duration-ms="0" started-at="2019-05-26T22:37:40Z" data-provider="getDataForAddToCartTest" finished-at="2019-05-26T22:37:40Z">
          <params>
            <param index="0">
              <value>
                <![CDATA[T001]]>
              </value>
            </param>
            <param index="1">
              <value>
                <![CDATA[PA001]]>
              </value>
            </param>
          </params>
          <reporter-output>
          </reporter-output>
        </test-method> <!-- addToCart -->
        <test-method status="PASS" signature="addToCart(java.lang.String, java.lang.String)[pri:0, instance:Assignment.DataProviderfromExcel@6ea6d14e]" name="addToCart" duration-ms="0" started-at="2019-05-26T22:37:40Z" data-provider="getDataForAddToCartTest" finished-at="2019-05-26T22:37:40Z">
          <params>
            <param index="0">
              <value>
                <![CDATA[T001]]>
              </value>
            </param>
            <param index="1">
              <value>
                <![CDATA[PA001]]>
              </value>
            </param>
          </params>
          <reporter-output>
          </reporter-output>
        </test-method> <!-- addToCart -->
        <test-method status="PASS" signature="addToCart(java.lang.String, java.lang.String)[pri:0, instance:Assignment.DataProviderfromExcel@6ea6d14e]" name="addToCart" duration-ms="0" started-at="2019-05-26T22:37:40Z" data-provider="getDataForAddToCartTest" finished-at="2019-05-26T22:37:40Z">
          <params>
            <param index="0">
              <value>
                <![CDATA[T001]]>
              </value>
            </param>
            <param index="1">
              <value>
                <![CDATA[PA001]]>
              </value>
            </param>
          </params>
          <reporter-output>
          </reporter-output>
        </test-method> <!-- addToCart -->
        <test-method status="PASS" signature="addToCart(java.lang.String, java.lang.String)[pri:0, instance:Assignment.DataProviderfromExcel@6ea6d14e]" name="addToCart" duration-ms="0" started-at="2019-05-26T22:37:40Z" data-provider="getDataForAddToCartTest" finished-at="2019-05-26T22:37:40Z">
          <params>
            <param index="0">
              <value>
                <![CDATA[T001]]>
              </value>
            </param>
            <param index="1">
              <value>
                <![CDATA[PA001]]>
              </value>
            </param>
          </params>
          <reporter-output>
          </reporter-output>
        </test-method> <!-- addToCart -->
        <test-method status="PASS" signature="addToCart(java.lang.String, java.lang.String)[pri:0, instance:Assignment.DataProviderfromExcel@6ea6d14e]" name="addToCart" duration-ms="0" started-at="2019-05-26T22:37:40Z" data-provider="getDataForAddToCartTest" finished-at="2019-05-26T22:37:40Z">
          <params>
            <param index="0">
              <value>
                <![CDATA[T001]]>
              </value>
            </param>
            <param index="1">
              <value>
                <![CDATA[PA001]]>
              </value>
            </param>
          </params>
          <reporter-output>
          </reporter-output>
        </test-method> <!-- addToCart -->
        <test-method status="PASS" signature="addToCart(java.lang.String, java.lang.String)[pri:0, instance:Assignment.DataProviderfromExcel@6ea6d14e]" name="addToCart" duration-ms="0" started-at="2019-05-26T22:37:40Z" data-provider="getDataForAddToCartTest" finished-at="2019-05-26T22:37:40Z">
          <params>
            <param index="0">
              <value>
                <![CDATA[T001]]>
              </value>
            </param>
            <param index="1">
              <value>
                <![CDATA[PA001]]>
              </value>
            </param>
          </params>
          <reporter-output>
          </reporter-output>
        </test-method> <!-- addToCart -->
        <test-method status="PASS" signature="addToCart(java.lang.String, java.lang.String)[pri:0, instance:Assignment.DataProviderfromExcel@6ea6d14e]" name="addToCart" duration-ms="0" started-at="2019-05-26T22:37:40Z" data-provider="getDataForAddToCartTest" finished-at="2019-05-26T22:37:40Z">
          <params>
            <param index="0">
              <value>
                <![CDATA[T001]]>
              </value>
            </param>
            <param index="1">
              <value>
                <![CDATA[PA001]]>
              </value>
            </param>
          </params>
          <reporter-output>
          </reporter-output>
        </test-method> <!-- addToCart -->
        <test-method status="PASS" signature="addToCart(java.lang.String, java.lang.String)[pri:0, instance:Assignment.DataProviderfromExcel@6ea6d14e]" name="addToCart" duration-ms="0" started-at="2019-05-26T22:37:40Z" data-provider="getDataForAddToCartTest" finished-at="2019-05-26T22:37:40Z">
          <params>
            <param index="0">
              <value>
                <![CDATA[T001]]>
              </value>
            </param>
            <param index="1">
              <value>
                <![CDATA[PA001]]>
              </value>
            </param>
          </params>
          <reporter-output>
          </reporter-output>
        </test-method> <!-- addToCart -->
        <test-method status="PASS" signature="addToCart(java.lang.String, java.lang.String)[pri:0, instance:Assignment.DataProviderfromExcel@6ea6d14e]" name="addToCart" duration-ms="0" started-at="2019-05-26T22:37:40Z" data-provider="getDataForAddToCartTest" finished-at="2019-05-26T22:37:40Z">
          <params>
            <param index="0">
              <value>
                <![CDATA[T001]]>
              </value>
            </param>
            <param index="1">
              <value>
                <![CDATA[PA001]]>
              </value>
            </param>
          </params>
          <reporter-output>
          </reporter-output>
        </test-method> <!-- addToCart -->
        <test-method status="PASS" signature="addToCart(java.lang.String, java.lang.String)[pri:0, instance:Assignment.DataProviderfromExcel@6ea6d14e]" name="addToCart" duration-ms="0" started-at="2019-05-26T22:37:40Z" data-provider="getDataForAddToCartTest" finished-at="2019-05-26T22:37:40Z">
          <params>
            <param index="0">
              <value>
                <![CDATA[T001]]>
              </value>
            </param>
            <param index="1">
              <value>
                <![CDATA[PA001]]>
              </value>
            </param>
          </params>
          <reporter-output>
          </reporter-output>
        </test-method> <!-- addToCart -->
        <test-method status="PASS" signature="addToCart(java.lang.String, java.lang.String)[pri:0, instance:Assignment.DataProviderfromExcel@6ea6d14e]" name="addToCart" duration-ms="0" started-at="2019-05-26T22:37:40Z" data-provider="getDataForAddToCartTest" finished-at="2019-05-26T22:37:40Z">
          <params>
            <param index="0">
              <value>
                <![CDATA[T001]]>
              </value>
            </param>
            <param index="1">
              <value>
                <![CDATA[PA001]]>
              </value>
            </param>
          </params>
          <reporter-output>
          </reporter-output>
        </test-method> <!-- addToCart -->
        <test-method status="PASS" signature="addToCart(java.lang.String, java.lang.String)[pri:0, instance:Assignment.DataProviderfromExcel@6ea6d14e]" name="addToCart" duration-ms="0" started-at="2019-05-26T22:37:40Z" data-provider="getDataForAddToCartTest" finished-at="2019-05-26T22:37:40Z">
          <params>
            <param index="0">
              <value>
                <![CDATA[T001]]>
              </value>
            </param>
            <param index="1">
              <value>
                <![CDATA[PA001]]>
              </value>
            </param>
          </params>
          <reporter-output>
          </reporter-output>
        </test-method> <!-- addToCart -->
        <test-method status="PASS" signature="addToCart(java.lang.String, java.lang.String)[pri:0, instance:Assignment.DataProviderfromExcel@6ea6d14e]" name="addToCart" duration-ms="0" started-at="2019-05-26T22:37:40Z" data-provider="getDataForAddToCartTest" finished-at="2019-05-26T22:37:40Z">
          <params>
            <param index="0">
              <value>
                <![CDATA[T001]]>
              </value>
            </param>
            <param index="1">
              <value>
                <![CDATA[PA001]]>
              </value>
            </param>
          </params>
          <reporter-output>
          </reporter-output>
        </test-method> <!-- addToCart -->
        <test-method status="PASS" signature="addToCart(java.lang.String, java.lang.String)[pri:0, instance:Assignment.DataProviderfromExcel@6ea6d14e]" name="addToCart" duration-ms="0" started-at="2019-05-26T22:37:40Z" data-provider="getDataForAddToCartTest" finished-at="2019-05-26T22:37:40Z">
          <params>
            <param index="0">
              <value>
                <![CDATA[T001]]>
              </value>
            </param>
            <param index="1">
              <value>
                <![CDATA[PA001]]>
              </value>
            </param>
          </params>
          <reporter-output>
          </reporter-output>
        </test-method> <!-- addToCart -->
        <test-method status="PASS" signature="addToCart(java.lang.String, java.lang.String)[pri:0, instance:Assignment.DataProviderfromExcel@6ea6d14e]" name="addToCart" duration-ms="5" started-at="2019-05-26T22:37:40Z" data-provider="getDataForAddToCartTest" finished-at="2019-05-26T22:37:40Z">
          <params>
            <param index="0">
              <value>
                <![CDATA[T001]]>
              </value>
            </param>
            <param index="1">
              <value>
                <![CDATA[PA001]]>
              </value>
            </param>
          </params>
          <reporter-output>
          </reporter-output>
        </test-method> <!-- addToCart -->
      </class> <!-- Assignment.DataProviderfromExcel -->
    </test> <!-- Default test -->
  </suite> <!-- Default suite -->
</testng-results>
