<?xml version="1.0" encoding="UTF-8"?>
<testng-results skipped="0" failed="0" total="1" passed="1">
  <reporter-output>
  </reporter-output>
  <suite name="Default suite" duration-ms="23930" started-at="2019-05-11T10:47:13Z" finished-at="2019-05-11T10:47:36Z">
    <groups>
    </groups>
    <test name="Default test" duration-ms="23930" started-at="2019-05-11T10:47:13Z" finished-at="2019-05-11T10:47:36Z">
      <class name="CustomerData.customerTest">
        <test-method status="PASS" signature="configBeforeSuite()[pri:0, instance:CustomerData.customerTest@36d64342]" name="configBeforeSuite" is-config="true" duration-ms="31" started-at="2019-05-11T16:17:13Z" finished-at="2019-05-11T16:17:13Z">
          <reporter-output>
          </reporter-output>
        </test-method> <!-- configBeforeSuite -->
        <test-method status="PASS" signature="configBC()[pri:0, instance:CustomerData.customerTest@36d64342]" name="configBC" is-config="true" duration-ms="8325" started-at="2019-05-11T16:17:13Z" finished-at="2019-05-11T16:17:21Z">
          <reporter-output>
          </reporter-output>
        </test-method> <!-- configBC -->
        <test-method status="PASS" signature="configBM()[pri:0, instance:CustomerData.customerTest@36d64342]" name="configBM" is-config="true" duration-ms="3299" started-at="2019-05-11T16:17:21Z" finished-at="2019-05-11T16:17:24Z">
          <reporter-output>
          </reporter-output>
        </test-method> <!-- configBM -->
        <test-method status="PASS" signature="createCustometTest()[pri:0, instance:CustomerData.customerTest@36d64342]" name="createCustometTest" duration-ms="8736" started-at="2019-05-11T16:17:24Z" finished-at="2019-05-11T16:17:33Z">
          <reporter-output>
          </reporter-output>
        </test-method> <!-- createCustometTest -->
        <test-method status="PASS" signature="configAM()[pri:0, instance:CustomerData.customerTest@36d64342]" name="configAM" is-config="true" duration-ms="312" started-at="2019-05-11T16:17:33Z" finished-at="2019-05-11T16:17:33Z">
          <reporter-output>
          </reporter-output>
        </test-method> <!-- configAM -->
        <test-method status="PASS" signature="configAC()[pri:0, instance:CustomerData.customerTest@36d64342]" name="configAC" is-config="true" duration-ms="3210" started-at="2019-05-11T16:17:33Z" finished-at="2019-05-11T16:17:36Z">
          <reporter-output>
          </reporter-output>
        </test-method> <!-- configAC -->
      </class> <!-- CustomerData.customerTest -->
    </test> <!-- Default test -->
  </suite> <!-- Default suite -->
</testng-results>
